Arguments: 
  /usr/local/Cellar/node/7.2.0/bin/node /usr/local/bin/yarn

PATH: 
  /usr/local/bin:/usr/bin:/bin:/usr/sbin:/sbin

Yarn version: 
  0.17.10

Node version: 
  7.2.0

Platform: 
  darwin x64

npm manifest: 
  {
    "name": "react-v2ex-clone",
    "version": "0.1.0",
    "private": true,
    "devDependencies": {
      "react-scripts": "0.6.1"
    },
    "dependencies": {
      "react": "^15.3.2",
      "react-addons-create-fragment": "^15.3.2",
      "react-dom": "^15.3.2",
      "react-redux": "^4.4.5",
      "react-router": "^2.8.1",
      "redux": "^3.6.0",
      "redux-logger": "^2.7.0",
      "redux-thunk": "^2.1.0"
    },
    "scripts": {
      "start": "react-scripts start",
      "build": "react-scripts build",
      "test": "react-scripts test --env=jsdom",
      "eject": "react-scripts eject"
    }
  }

yarn manifest: 
  No manifest

Lockfile: 
  No lockfile

Trace: 
  Error: connect ETIMEDOUT 104.16.60.173:443
      at Object.exports._errnoException (util.js:1022:11)
      at exports._exceptionWithHostPort (util.js:1045:20)
      at TCPConnectWrap.afterConnect [as oncomplete] (net.js:1090:14)
